<?xml version="1.0" encoding="UTF-8"?>
<robot generator="Robot 7.2.2 (Python 3.10.0 on win32)" generated="2025-05-12T00:15:17.828488" rpa="false" schemaversion="5">
<suite id="s1" name="測試 Settings Name" source="c:\Users\mark\Desktop\Robot\test.robot">
<kw name="Log To Console" owner="BuiltIn" type="SETUP">
<arg>message=Print Suite Setup</arg>
<doc>Logs the given message to the console.</doc>
<status status="PASS" start="2025-05-12T00:15:17.856029" elapsed="0.000000"/>
</kw>
<test id="s1-t1" name="Test Case 001" line="20">
<kw name="Log To Console" owner="BuiltIn" type="SETUP">
<arg>message= Case 的 Test Setup</arg>
<doc>Logs the given message to the console.</doc>
<status status="PASS" start="2025-05-12T00:15:17.857029" elapsed="0.000000"/>
</kw>
<kw name="Log To Console" owner="BuiltIn">
<arg>message=Print Test Case 001</arg>
<doc>Logs the given message to the console.</doc>
<status status="PASS" start="2025-05-12T00:15:17.858061" elapsed="0.001001"/>
</kw>
<kw name="Sum Two Number">
<kw name="Evaluate" owner="BuiltIn">
<msg time="2025-05-12T00:15:17.860059" level="INFO">${sum} = 3</msg>
<var>${sum}</var>
<arg>${num1}+${num2}</arg>
<doc>Evaluates the given expression in Python and returns the result.</doc>
<status status="PASS" start="2025-05-12T00:15:17.859062" elapsed="0.002998"/>
</kw>
<return>
<value>${sum}</value>
<status status="PASS" start="2025-05-12T00:15:17.862060" elapsed="0.000000"/>
</return>
<msg time="2025-05-12T00:15:17.862060" level="INFO">${sum} = 3</msg>
<var>${sum}</var>
<arg>num1=1</arg>
<arg>num2=2</arg>
<status status="PASS" start="2025-05-12T00:15:17.859062" elapsed="0.002998"/>
</kw>
<kw name="Should Be Equal As Integers" owner="BuiltIn">
<arg>first=${sum}</arg>
<arg>second=${3}</arg>
<doc>Fails if objects are unequal after converting them to integers.</doc>
<status status="PASS" start="2025-05-12T00:15:17.863060" elapsed="0.001001"/>
</kw>
<doc>test case 001 doc</doc>
<tag>abc</tag>
<tag>release</tag>
<tag>smoke</tag>
<timeout value="5 minutes"/>
<status status="PASS" start="2025-05-12T00:15:17.856029" elapsed="0.008032"/>
</test>
<test id="s1-t2" name="Test Case 002" line="28">
<kw name="Log To Console" owner="BuiltIn" type="SETUP">
<arg>message=Setting 的 Test Setup</arg>
<doc>Logs the given message to the console.</doc>
<status status="PASS" start="2025-05-12T00:15:17.866063" elapsed="0.000000"/>
</kw>
<kw name="Log To Console" owner="BuiltIn">
<arg>message=Print Test Case 002</arg>
<doc>Logs the given message to the console.</doc>
<status status="PASS" start="2025-05-12T00:15:17.867060" elapsed="0.000000"/>
</kw>
<kw name="Sum Two Number">
<kw name="Evaluate" owner="BuiltIn">
<msg time="2025-05-12T00:15:17.868423" level="INFO">${sum} = 6</msg>
<var>${sum}</var>
<arg>${num1}+${num2}</arg>
<doc>Evaluates the given expression in Python and returns the result.</doc>
<status status="PASS" start="2025-05-12T00:15:17.868423" elapsed="0.001000"/>
</kw>
<return>
<value>${sum}</value>
<status status="PASS" start="2025-05-12T00:15:17.869423" elapsed="0.000000"/>
</return>
<msg time="2025-05-12T00:15:17.869423" level="INFO">${sum} = 6</msg>
<var>${sum}</var>
<arg>num1=3</arg>
<arg>num2=3</arg>
<status status="PASS" start="2025-05-12T00:15:17.867060" elapsed="0.002363"/>
</kw>
<kw name="Should Be Equal As Integers" owner="BuiltIn">
<msg time="2025-05-12T00:15:17.870929" level="FAIL">6 != 7</msg>
<arg>first=${sum}</arg>
<arg>second=${7}</arg>
<doc>Fails if objects are unequal after converting them to integers.</doc>
<status status="FAIL" start="2025-05-12T00:15:17.869423" elapsed="0.001506">6 != 7</status>
</kw>
<tag>release</tag>
<timeout value="5 minutes"/>
<status status="FAIL" start="2025-05-12T00:15:17.865059" elapsed="0.006872">6 != 7</status>
</test>
<test id="s1-t3" name="Test Case 003" line="34">
<kw name="Log To Console" owner="BuiltIn" type="SETUP">
<arg>message=Setting 的 Test Setup</arg>
<doc>Logs the given message to the console.</doc>
<status status="PASS" start="2025-05-12T00:15:17.872933" elapsed="0.001000"/>
</kw>
<kw name="Log To Console" owner="BuiltIn">
<arg>message=Print Test Case 003</arg>
<doc>Logs the given message to the console.</doc>
<status status="PASS" start="2025-05-12T00:15:17.873933" elapsed="0.000999"/>
</kw>
<kw name="Sum Two Number">
<kw name="Evaluate" owner="BuiltIn">
<msg time="2025-05-12T00:15:17.875932" level="INFO">${sum} = 11</msg>
<var>${sum}</var>
<arg>${num1}+${num2}</arg>
<doc>Evaluates the given expression in Python and returns the result.</doc>
<status status="PASS" start="2025-05-12T00:15:17.875932" elapsed="0.000000"/>
</kw>
<return>
<value>${sum}</value>
<status status="PASS" start="2025-05-12T00:15:17.875932" elapsed="0.000000"/>
</return>
<msg time="2025-05-12T00:15:17.875932" level="INFO">${sum} = 11</msg>
<var>${sum}</var>
<arg>num1=2</arg>
<arg>num2=9</arg>
<status status="PASS" start="2025-05-12T00:15:17.874932" elapsed="0.001000"/>
</kw>
<kw name="Should Be Equal As Integers" owner="BuiltIn">
<arg>first=${sum}</arg>
<arg>second=${11}</arg>
<doc>Fails if objects are unequal after converting them to integers.</doc>
<status status="PASS" start="2025-05-12T00:15:17.877437" elapsed="0.000000"/>
</kw>
<tag>abc</tag>
<tag>release</tag>
<timeout value="5 minutes"/>
<status status="PASS" start="2025-05-12T00:15:17.872933" elapsed="0.005513"/>
</test>
<test id="s1-t4" name="Test Case 004" line="40">
<kw name="Log To Console" owner="BuiltIn" type="SETUP">
<arg>message=Setting 的 Test Setup</arg>
<doc>Logs the given message to the console.</doc>
<status status="PASS" start="2025-05-12T00:15:17.879442" elapsed="0.001003"/>
</kw>
<kw name="Log Template">
<kw name="Log To Console" owner="BuiltIn">
<arg>msg1=${msg1}</arg>
<arg>msg2=${msg2}</arg>
<doc>Logs the given message to the console.</doc>
<status status="PASS" start="2025-05-12T00:15:17.881447" elapsed="0.000999"/>
</kw>
<arg>msg1_1</arg>
<arg>msg2_1</arg>
<status status="PASS" start="2025-05-12T00:15:17.880445" elapsed="0.002001"/>
</kw>
<kw name="Log Template">
<kw name="Log To Console" owner="BuiltIn">
<arg>msg1=${msg1}</arg>
<arg>msg2=${msg2}</arg>
<doc>Logs the given message to the console.</doc>
<status status="PASS" start="2025-05-12T00:15:17.882446" elapsed="0.000999"/>
</kw>
<arg>msg1_2</arg>
<arg>msg2_2</arg>
<status status="PASS" start="2025-05-12T00:15:17.882446" elapsed="0.000999"/>
</kw>
<kw name="Log Template">
<kw name="Log To Console" owner="BuiltIn">
<arg>msg1=${msg1}</arg>
<arg>msg2=${msg2}</arg>
<doc>Logs the given message to the console.</doc>
<status status="PASS" start="2025-05-12T00:15:17.884445" elapsed="0.000998"/>
</kw>
<arg>msg1_3</arg>
<arg>msg2_3</arg>
<status status="PASS" start="2025-05-12T00:15:17.884445" elapsed="0.000998"/>
</kw>
<tag>abc</tag>
<timeout value="5 minutes"/>
<status status="PASS" start="2025-05-12T00:15:17.879442" elapsed="0.006001"/>
</test>
<test id="s1-t5" name="Test Case 005" line="47">
<kw name="Log To Console" owner="BuiltIn" type="SETUP">
<arg>message=Setting 的 Test Setup</arg>
<doc>Logs the given message to the console.</doc>
<status status="PASS" start="2025-05-12T00:15:17.887468" elapsed="0.000000"/>
</kw>
<kw name="Sum Two Number">
<kw name="Evaluate" owner="BuiltIn">
<msg time="2025-05-12T00:15:17.889480" level="INFO">${sum} = 3</msg>
<var>${sum}</var>
<arg>${num1}+${num2}</arg>
<doc>Evaluates the given expression in Python and returns the result.</doc>
<status status="PASS" start="2025-05-12T00:15:17.888474" elapsed="0.001006"/>
</kw>
<return>
<value>${sum}</value>
<status status="PASS" start="2025-05-12T00:15:17.889480" elapsed="0.000000"/>
</return>
<msg time="2025-05-12T00:15:17.889480" level="INFO">${sum} = 3</msg>
<var>${sum}</var>
<arg>num1=2</arg>
<status status="PASS" start="2025-05-12T00:15:17.888474" elapsed="0.001006"/>
</kw>
<kw name="Log To Console" owner="BuiltIn">
<arg>message=${sum}</arg>
<doc>Logs the given message to the console.</doc>
<status status="PASS" start="2025-05-12T00:15:17.890480" elapsed="0.000000"/>
</kw>
<tag>abc</tag>
<timeout value="5 minutes"/>
<status status="PASS" start="2025-05-12T00:15:17.886950" elapsed="0.004529"/>
</test>
<kw name="Log To Console" owner="BuiltIn" type="TEARDOWN">
<arg>message=Print Suite Teardown</arg>
<doc>Logs the given message to the console.</doc>
<status status="PASS" start="2025-05-12T00:15:17.892480" elapsed="0.000000"/>
</kw>
<doc>My First Robot Framework</doc>
<meta name="測試 Metadata">Metadata 測試</meta>
<status status="FAIL" start="2025-05-12T00:15:17.832488" elapsed="0.059992"/>
</suite>
<statistics>
<total>
<stat pass="4" fail="1" skip="0">All Tests</stat>
</total>
<tag>
<stat pass="4" fail="0" skip="0">abc</stat>
<stat pass="2" fail="1" skip="0">release</stat>
<stat pass="1" fail="0" skip="0">smoke</stat>
</tag>
<suite>
<stat name="測試 Settings Name" id="s1" pass="4" fail="1" skip="0">測試 Settings Name</stat>
</suite>
</statistics>
<errors>
</errors>
</robot>
