<?xml version="1.0" encoding="UTF-8"?>
<robot generator="Robot 7.2.2 (Python 3.10.0 on win32)" generated="2025-03-10T23:10:24.260771" rpa="false" schemaversion="5">
<suite id="s1" name="browserTest" source="C:\Users\mark\Desktop\Robot\browserTest.robot">
<test id="s1-t1" name="Verfiy Page Title" line="5">
<kw name="New Browser" owner="Browser">
<msg time="2025-03-10T23:10:24.425440" level="INFO">{"browser": "chromium", "headless": false, "chromiumSandbox": false, "devtools": false, "handleSIGHUP": true, "handleSIGINT": true, "handleSIGTERM": true, "slowMo": 0.0, "timeout": 30000.0, "tracesDir": "C:\\Users\\mark\\Desktop\\Robot\\browser\\traces\\temp\\08bdd7dd-d4ef-4830-8896-85b5926d6235"}</msg>
<msg time="2025-03-10T23:10:24.444166" level="INFO">Starting Browser process C:\Users\mark\Desktop\Robot\env\lib\site-packages\Browser\wrapper\index.js using port 57975</msg>
<msg time="2025-03-10T23:10:24.444166" level="INFO">Node startup parameters: ['node', 'C:\\Users\\mark\\Desktop\\Robot\\env\\lib\\site-packages\\Browser\\wrapper\\index.js', '57975']</msg>
<msg time="2025-03-10T23:10:25.170663" level="INFO">Successfully created browser with options: {"browser":"chromium","headless":false,"chromiumSandbox":false,"devtools":false,"handleSIGHUP":true,"handleSIGINT":true,"handleSIGTERM":true,"slowMo":0,"timeout":30000,"tracesDir":"C:\\Users\\mark\\Desktop\\Robot\\browser\\traces\\temp\\08bdd7dd-d4ef-4830-8896-85b5926d6235"}</msg>
<arg>chromium</arg>
<arg>headless=False</arg>
<tag>BrowserControl</tag>
<tag>Setter</tag>
<doc>Create a new playwright Browser with specified options.</doc>
<status status="PASS" start="2025-03-10T23:10:24.425440" elapsed="0.745223"/>
</kw>
<kw name="New Page" owner="Browser">
<msg time="2025-03-10T23:10:27.746790" level="INFO">Successfully initialized new page object and opened url: https://ithelp.ithome.com.tw/articles/10355314</msg>
<msg time="2025-03-10T23:10:27.746790" level="INFO">No context was open. New context was automatically opened when this page is created.</msg>
<arg>https://ithelp.ithome.com.tw/articles/10355314</arg>
<tag>BrowserControl</tag>
<tag>Setter</tag>
<doc>Open a new Page.</doc>
<status status="PASS" start="2025-03-10T23:10:25.171663" elapsed="2.575127"/>
</kw>
<kw name="Get Title" owner="Browser">
<msg time="2025-03-10T23:10:27.753793" level="INFO">Title: '[12] 關於 Robot Framework Browser (Playwright) 三件套：browser, context, page - iT 邦幫忙::一起幫忙解決難題，拯救 IT 人的一天'</msg>
<msg time="2025-03-10T23:10:27.753793" level="INFO">${title} = [12] 關於 Robot Framework Browser (Playwright) 三件套：browser, context, page - iT 邦幫忙::一起幫忙解決難題，拯救 IT 人的一天</msg>
<var>${title}</var>
<tag>Assertion</tag>
<tag>Getter</tag>
<tag>PageContent</tag>
<doc>Returns the title of the current page.</doc>
<status status="PASS" start="2025-03-10T23:10:27.746790" elapsed="0.007003"/>
</kw>
<kw name="Should Be Equal" owner="BuiltIn">
<msg time="2025-03-10T23:10:27.754791" level="FAIL">[12] 關於 Robot Framework Browser (Playwright) 三件套：browser, context, page - iT 邦幫忙::一起幫忙解決難題，拯救 IT 人的一天 != Example Domain</msg>
<arg>${title}</arg>
<arg>Example Domain</arg>
<doc>Fails if the given objects are unequal.</doc>
<status status="FAIL" start="2025-03-10T23:10:27.754791" elapsed="0.000000">[12] 關於 Robot Framework Browser (Playwright) 三件套：browser, context, page - iT 邦幫忙::一起幫忙解決難題，拯救 IT 人的一天 != Example Domain</status>
</kw>
<msg time="2025-03-10T23:10:27.759304" level="INFO">Set timeout to: 10000</msg>
<msg time="2025-03-10T23:10:27.771812" level="INFO">Switching context to context=fca428b4-03c9-4c6c-a23f-cbd032ab3933 in CURRENT</msg>
<msg time="2025-03-10T23:10:27.788894" level="INFO">Successfully changed active context: context=fca428b4-03c9-4c6c-a23f-cbd032ab3933</msg>
<msg time="2025-03-10T23:10:27.830566" level="INFO">Successfully closed Context</msg>
<status status="FAIL" start="2025-03-10T23:10:24.424404" elapsed="3.330387">[12] 關於 Robot Framework Browser (Playwright) 三件套：browser, context, page - iT 邦幫忙::一起幫忙解決難題，拯救 IT 人的一天 != Example Domain</status>
</test>
<test id="s1-t2" name="Test Example Page" line="11">
<kw name="New Browser" owner="Browser">
<msg time="2025-03-10T23:10:27.836608" level="INFO">Switching browser to browser=66f29368-bb35-427e-a34e-fb13f8c48e62</msg>
<msg time="2025-03-10T23:10:27.840616" level="INFO">Successfully changed active browser: browser=66f29368-bb35-427e-a34e-fb13f8c48e62</msg>
<msg time="2025-03-10T23:10:27.840616" level="INFO">Reusing existing browser with id: browser=66f29368-bb35-427e-a34e-fb13f8c48e62</msg>
<arg>chromium</arg>
<arg>headless=False</arg>
<tag>BrowserControl</tag>
<tag>Setter</tag>
<doc>Create a new playwright Browser with specified options.</doc>
<status status="PASS" start="2025-03-10T23:10:27.834566" elapsed="0.006050"/>
</kw>
<kw name="Get Device" owner="Browser">
<msg time="2025-03-10T23:10:27.844613" level="INFO">${device} = {'userAgent': 'Mozilla/5.0 (iPhone; CPU iPhone OS 17_5 like Mac OS X) AppleWebKit/605.1.15 (KHTML, like Gecko) Version/18.2 Mobile/15E148 Safari/604.1', 'viewport': {'width': 393, 'height': 659}, 'scr...</msg>
<var>${device}</var>
<arg>iPhone 15</arg>
<tag>BrowserControl</tag>
<tag>Getter</tag>
<doc>Get a single device descriptor with name exactly matching name.</doc>
<status status="PASS" start="2025-03-10T23:10:27.841615" elapsed="0.002998"/>
</kw>
<kw name="New Context" owner="Browser">
<msg time="2025-03-10T23:10:27.847958" level="INFO">{
  "acceptDownloads": true,
  "bypassCSP": false,
  "defaultBrowserType": "webkit",
  "deviceScaleFactor": 3.0,
  "forcedColors": "none",
  "hasTouch": true,
  "ignoreHTTPSErrors": false,
  "isMobile": true,
  "javaScriptEnabled": true,
  "offline": false,
  "reducedMotion": "no-preference",
  "screen": {
    "width": 393,
    "height": 852
  },
  "serviceWorkers": "allow",
  "userAgent": "Mozilla/5.0 (iPhone; CPU iPhone OS 17_5 like Mac OS X) AppleWebKit/605.1.15 (KHTML, like Gecko) Version/18.2 Mobile/15E148 Safari/604.1",
  "viewport": {
    "height": 659,
    "width": 393
  }
}</msg>
<msg time="2025-03-10T23:10:27.856466" level="INFO">Successfully created context. </msg>
<msg time="2025-03-10T23:10:27.856466" level="INFO">{'acceptDownloads': True, 'bypassCSP': False, 'defaultBrowserType': 'webkit', 'deviceScaleFactor': 3, 'forcedColors': 'none', 'hasTouch': True, 'ignoreHTTPSErrors': False, 'isMobile': True, 'javaScriptEnabled': True, 'offline': False, 'reducedMotion': 'no-preference', 'screen': {'width': 393, 'height': 852}, 'serviceWorkers': 'allow', 'userAgent': 'Mozilla/5.0 (iPhone; CPU iPhone OS 17_5 like Mac OS X) AppleWebKit/605.1.15 (KHTML, like Gecko) Version/18.2 Mobile/15E148 Safari/604.1', 'viewport': {'height': 659, 'width': 393}}</msg>
<arg>&amp;{device}</arg>
<tag>BrowserControl</tag>
<tag>Setter</tag>
<doc>Create a new BrowserContext with specified options.</doc>
<status status="PASS" start="2025-03-10T23:10:27.845615" elapsed="0.010851"/>
</kw>
<kw name="New Page" owner="Browser">
<msg time="2025-03-10T23:10:28.410401" level="INFO">Successfully initialized new page object and opened url: https://example.com</msg>
<arg>https://example.com</arg>
<tag>BrowserControl</tag>
<tag>Setter</tag>
<doc>Open a new Page.</doc>
<status status="PASS" start="2025-03-10T23:10:27.857476" elapsed="0.552925"/>
</kw>
<kw name="Sleep" owner="BuiltIn">
<msg time="2025-03-10T23:10:30.421920" level="INFO">Slept 2 seconds.</msg>
<arg>2s</arg>
<doc>Pauses the test executed for the given time.</doc>
<status status="PASS" start="2025-03-10T23:10:28.410401" elapsed="2.011519"/>
</kw>
<kw name="Log To Console" owner="BuiltIn">
<arg>message= ${device}</arg>
<doc>Logs the given message to the console.</doc>
<status status="PASS" start="2025-03-10T23:10:30.421920" elapsed="0.000914"/>
</kw>
<msg time="2025-03-10T23:10:30.424834" level="INFO">Set timeout to: 10000</msg>
<msg time="2025-03-10T23:10:30.435342" level="INFO">Switching context to context=c39fbd8f-8a01-48cd-8495-d88f5e999909 in CURRENT</msg>
<msg time="2025-03-10T23:10:30.440848" level="INFO">Successfully changed active context: context=c39fbd8f-8a01-48cd-8495-d88f5e999909</msg>
<msg time="2025-03-10T23:10:30.471666" level="INFO">Successfully closed Context</msg>
<status status="PASS" start="2025-03-10T23:10:27.831568" elapsed="2.591266"/>
</test>
<status status="FAIL" start="2025-03-10T23:10:24.261771" elapsed="6.210892"/>
</suite>
<statistics>
<total>
<stat pass="1" fail="1" skip="0">All Tests</stat>
</total>
<tag>
</tag>
<suite>
<stat name="browserTest" id="s1" pass="1" fail="1" skip="0">browserTest</stat>
</suite>
</statistics>
<errors>
</errors>
</robot>
