<?xml version="1.0" encoding="UTF-8"?>
<robot generator="Robot 7.2.2 (Python 3.12.8 on win32)" generated="2025-03-12T23:40:05.771160" rpa="false" schemaversion="5">
<suite id="s1" name="browserTest" source="c:\Users\mark\Desktop\Robot\browserTest.robot">
<test id="s1-t1" name="Test Example Page" line="15">
<kw name="New Browser">
<msg time="2025-03-12T23:40:05.801158" level="FAIL">No keyword with name 'New Browser' found.</msg>
<arg>chromium</arg>
<arg>headless=False</arg>
<status status="FAIL" start="2025-03-12T23:40:05.801158" elapsed="0.000998">No keyword with name 'New Browser' found.</status>
</kw>
<kw name="New Context">
<status status="NOT RUN" start="2025-03-12T23:40:05.802156" elapsed="0.001000"/>
</kw>
<kw name="New Page">
<arg>https://mma.sinopac.com/MemberPortal/Member/NextWebLogin.aspx</arg>
<status status="NOT RUN" start="2025-03-12T23:40:05.803156" elapsed="0.000000"/>
</kw>
<kw name="Fill Text">
<arg>//input[@class= 'style1 selectable']</arg>
<arg>${ID}</arg>
<status status="NOT RUN" start="2025-03-12T23:40:05.803156" elapsed="0.001002"/>
</kw>
<kw name="Fill Text">
<arg>//input[@placeholder= '使用者代碼']</arg>
<arg>${pwd}</arg>
<status status="NOT RUN" start="2025-03-12T23:40:05.804158" elapsed="0.000000"/>
</kw>
<kw name="Sleep" owner="BuiltIn">
<arg>2s</arg>
<doc>Pauses the test executed for the given time.</doc>
<status status="NOT RUN" start="2025-03-12T23:40:05.804158" elapsed="0.000000"/>
</kw>
<status status="FAIL" start="2025-03-12T23:40:05.800157" elapsed="0.004999">No keyword with name 'New Browser' found.</status>
</test>
<status status="FAIL" start="2025-03-12T23:40:05.775162" elapsed="0.030995"/>
</suite>
<statistics>
<total>
<stat pass="0" fail="1" skip="0">All Tests</stat>
</total>
<tag>
</tag>
<suite>
<stat name="browserTest" id="s1" pass="0" fail="1" skip="0">browserTest</stat>
</suite>
</statistics>
<errors>
<msg time="2025-03-12T23:40:05.796648" level="ERROR">Error in file 'c:\Users\mark\Desktop\Robot\browserTest.robot' on line 2: Importing library 'Browser' failed: ModuleNotFoundError: No module named 'Browser'
Traceback (most recent call last):
  None
PYTHONPATH:
  C:\Users\mark\Desktop\Robot\env\Scripts\python.exe
  c:\Users\mark\.vscode\extensions\robocorp.robotframework-lsp-1.13.0\src\robotframework_debug_adapter
  c:\Users\mark\Desktop\Robot
  c:\Users\mark\.vscode\extensions\robocorp.robotframework-lsp-1.13.0\src
  c:\Users\mark\.vscode\extensions\robocorp.robotframework-lsp-1.13.0\src\robotframework_ls\vendored
  c:\ProgramData\robocorp\ht\18bf463_b1f3c24_1c0bc041\python312.zip
  c:\ProgramData\robocorp\ht\18bf463_b1f3c24_1c0bc041\DLLs
  c:\ProgramData\robocorp\ht\18bf463_b1f3c24_1c0bc041\Lib
  c:\ProgramData\robocorp\ht\18bf463_b1f3c24_1c0bc041
  c:\ProgramData\robocorp\ht\18bf463_b1f3c24_1c0bc041\Lib\site-packages
  c:\ProgramData\robocorp\ht\18bf463_b1f3c24_1c0bc041\Lib\site-packages\win32
  c:\ProgramData\robocorp\ht\18bf463_b1f3c24_1c0bc041\Lib\site-packages\win32\lib
  c:\ProgramData\robocorp\ht\18bf463_b1f3c24_1c0bc041\Lib\site-packages\Pythonwin</msg>
</errors>
</robot>
