<?xml version="1.0" encoding="UTF-8"?>
<robot generator="Robot 7.2.2 (Python 3.10.0 on win32)" generated="2025-03-06T23:23:41.616266" rpa="false" schemaversion="5">
<suite id="s1" name="Listener" source="c:\Users\mark\Desktop\Robot\listener.robot">
<test id="s1-t1" name="Test Case 001" line="5">
<kw name="Log To Console" owner="BuiltIn">
<arg>message= Print Test Case 001</arg>
<doc>Logs the given message to the console.</doc>
<status status="PASS" start="2025-03-06T23:23:41.654631" elapsed="0.000000"/>
</kw>
<status status="PASS" start="2025-03-06T23:23:41.653362" elapsed="0.001269"/>
</test>
<test id="s1-t2" name="Test Case 002" line="8">
<kw name="Log To Console" owner="BuiltIn">
<arg>message= Print Test Case 002</arg>
<doc>Logs the given message to the console.</doc>
<status status="PASS" start="2025-03-06T23:23:41.656652" elapsed="0.000409"/>
</kw>
<status status="PASS" start="2025-03-06T23:23:41.656135" elapsed="0.001243"/>
</test>
<doc>Test Listener</doc>
<status status="PASS" start="2025-03-06T23:23:41.626482" elapsed="0.030896"/>
</suite>
<statistics>
<total>
<stat pass="2" fail="0" skip="0">All Tests</stat>
</total>
<tag>
</tag>
<suite>
<stat name="Listener" id="s1" pass="2" fail="0" skip="0">Listener</stat>
</suite>
</statistics>
<errors>
</errors>
</robot>
