<?xml version="1.0" encoding="UTF-8"?>
<robot generator="Robot 7.2.2 (Python 3.10.0 on win32)" generated="2025-08-10T13:12:06.530635" rpa="false" schemaversion="5">
<suite id="s1" name="browserTest" source="c:\Users\mark\Desktop\Robot\browserTest.robot">
<test id="s1-t1" name="Test Example Page" line="15">
<kw name="New Browser" owner="Browser">
<msg time="2025-08-10T13:12:06.824918" level="INFO">{"browser": "chromium", "headless": false, "chromiumSandbox": false, "devtools": false, "handleSIGHUP": true, "handleSIGINT": true, "handleSIGTERM": true, "slowMo": 0.0, "timeout": 30000.0, "tracesDir": "C:\\Users\\mark\\Desktop\\Robot\\browser\\traces\\temp\\7d5cf368-4785-4532-b421-5a0bffab3f6d"}</msg>
<msg time="2025-08-10T13:12:06.897299" level="INFO">Starting Browser process c:\Users\mark\Desktop\Robot\env\lib\site-packages\Browser\wrapper\index.js using port 63243</msg>
<msg time="2025-08-10T13:12:06.897299" level="INFO">Node startup parameters: ['node', 'c:\\Users\\mark\\Desktop\\Robot\\env\\lib\\site-packages\\Browser\\wrapper\\index.js', '63243']</msg>
<msg time="2025-08-10T13:12:08.446953" level="INFO">Successfully created browser with options: {"browser":"chromium","headless":false,"chromiumSandbox":false,"devtools":false,"handleSIGHUP":true,"handleSIGINT":true,"handleSIGTERM":true,"slowMo":0,"timeout":30000,"tracesDir":"C:\\Users\\mark\\Desktop\\Robot\\browser\\traces\\temp\\7d5cf368-4785-4532-b421-5a0bffab3f6d"}</msg>
<arg>chromium</arg>
<arg>headless=False</arg>
<tag>BrowserControl</tag>
<tag>Setter</tag>
<doc>Create a new playwright Browser with specified options.</doc>
<status status="PASS" start="2025-08-10T13:12:06.823917" elapsed="1.623036"/>
</kw>
<kw name="New Context" owner="Browser">
<msg time="2025-08-10T13:12:08.448952" level="INFO">{
  "acceptDownloads": true,
  "bypassCSP": false,
  "forcedColors": "none",
  "ignoreHTTPSErrors": false,
  "javaScriptEnabled": true,
  "offline": false,
  "reducedMotion": "no-preference",
  "serviceWorkers": "allow",
  "viewport": {
    "height": 720,
    "width": 1280
  }
}</msg>
<msg time="2025-08-10T13:12:08.466953" level="INFO">Successfully created context. </msg>
<msg time="2025-08-10T13:12:08.467953" level="INFO">{'acceptDownloads': True, 'bypassCSP': False, 'forcedColors': 'none', 'ignoreHTTPSErrors': False, 'javaScriptEnabled': True, 'offline': False, 'reducedMotion': 'no-preference', 'serviceWorkers': 'allow', 'viewport': {'height': 720, 'width': 1280}}</msg>
<tag>BrowserControl</tag>
<tag>Setter</tag>
<doc>Create a new BrowserContext with specified options.</doc>
<status status="PASS" start="2025-08-10T13:12:08.447950" elapsed="0.020003"/>
</kw>
<kw name="New Page" owner="Browser">
<msg time="2025-08-10T13:12:09.729411" level="INFO">Successfully initialized new page object and opened url: https://mma.sinopac.com/MemberPortal/Member/NextWebLogin.aspx</msg>
<arg>https://mma.sinopac.com/MemberPortal/Member/NextWebLogin.aspx</arg>
<tag>BrowserControl</tag>
<tag>Setter</tag>
<doc>Open a new Page.</doc>
<status status="PASS" start="2025-08-10T13:12:08.468951" elapsed="1.260460"/>
</kw>
<kw name="Fill Text" owner="Browser">
<msg time="2025-08-10T13:12:09.731418" level="INFO">Fills the text 'A123456789' in the given field.</msg>
<arg>//input[@class= 'style1 selectable']</arg>
<arg>${ID}</arg>
<tag>PageContent</tag>
<tag>Setter</tag>
<doc>Clears and fills the given ``txt`` into the text field found by ``selector``.</doc>
<status status="PASS" start="2025-08-10T13:12:09.730413" elapsed="0.030001"/>
</kw>
<kw name="Fill Text" owner="Browser">
<msg time="2025-08-10T13:12:09.761413" level="INFO">Fills the text '123456' in the given field.</msg>
<arg>//input[@placeholder= '使用者代碼']</arg>
<arg>${pwd}</arg>
<tag>PageContent</tag>
<tag>Setter</tag>
<doc>Clears and fills the given ``txt`` into the text field found by ``selector``.</doc>
<status status="PASS" start="2025-08-10T13:12:09.760414" elapsed="0.018999"/>
</kw>
<kw name="Sleep" owner="BuiltIn">
<msg time="2025-08-10T13:12:11.793179" level="INFO">Slept 2 seconds.</msg>
<arg>2s</arg>
<doc>Pauses the test executed for the given time.</doc>
<status status="PASS" start="2025-08-10T13:12:09.779413" elapsed="2.013766"/>
</kw>
<msg time="2025-08-10T13:12:11.797151" level="INFO">Set timeout to: 10000</msg>
<msg time="2025-08-10T13:12:11.809150" level="INFO">Switching context to context=e050c5a9-26d1-446b-92be-63e0e7a7258b in CURRENT</msg>
<msg time="2025-08-10T13:12:11.815154" level="INFO">Successfully changed active context: context=e050c5a9-26d1-446b-92be-63e0e7a7258b</msg>
<msg time="2025-08-10T13:12:11.856152" level="INFO">Successfully closed Context</msg>
<status status="PASS" start="2025-08-10T13:12:06.822916" elapsed="4.971235"/>
</test>
<status status="PASS" start="2025-08-10T13:12:06.534640" elapsed="5.323512"/>
</suite>
<statistics>
<total>
<stat pass="1" fail="0" skip="0">All Tests</stat>
</total>
<tag>
</tag>
<suite>
<stat name="browserTest" id="s1" pass="1" fail="0" skip="0">browserTest</stat>
</suite>
</statistics>
<errors>
</errors>
</robot>
