<?xml version="1.0" encoding="UTF-8"?>
<robot generator="Robot 7.2.2 (Python 3.10.0 on win32)" generated="2025-02-25T23:30:18.512197" rpa="false" schemaversion="5">
<suite id="s1" name="測試 Settings Name" source="C:\Users\mark\Desktop\Robot\test.robot">
<kw name="Log To Console" owner="BuiltIn" type="SETUP">
<arg>message=Print Suite Setup</arg>
<doc>Logs the given message to the console.</doc>
<status status="PASS" start="2025-02-25T23:30:18.536012" elapsed="0.000000"/>
</kw>
<test id="s1-t1" name="Test Case 001" line="20">
<kw name="Log To Console" owner="BuiltIn">
<arg>message=Print Test Case 001</arg>
<doc>Logs the given message to the console.</doc>
<status status="PASS" start="2025-02-25T23:30:18.537048" elapsed="0.000515"/>
</kw>
<kw name="Sum Two Number">
<kw name="Evaluate" owner="BuiltIn">
<msg time="2025-02-25T23:30:18.538587" level="INFO">${sum} = 3</msg>
<var>${sum}</var>
<arg>${num1}+${num2}</arg>
<doc>Evaluates the given expression in Python and returns the result.</doc>
<status status="PASS" start="2025-02-25T23:30:18.538075" elapsed="0.000512"/>
</kw>
<return>
<value>${sum}</value>
<status status="PASS" start="2025-02-25T23:30:18.538587" elapsed="0.000000"/>
</return>
<msg time="2025-02-25T23:30:18.539099" level="INFO">${sum} = 3</msg>
<var>${sum}</var>
<arg>num1=1</arg>
<arg>num2=2</arg>
<status status="PASS" start="2025-02-25T23:30:18.538075" elapsed="0.001024"/>
</kw>
<kw name="Should Be Equal As Integers" owner="BuiltIn">
<arg>first=${sum}</arg>
<arg>second=${3}</arg>
<doc>Fails if objects are unequal after converting them to integers.</doc>
<status status="PASS" start="2025-02-25T23:30:18.539099" elapsed="0.000511"/>
</kw>
<timeout value="5 minutes"/>
<status status="PASS" start="2025-02-25T23:30:18.536529" elapsed="0.003593"/>
</test>
<test id="s1-t2" name="Test Case 002" line="25">
<kw name="Log To Console" owner="BuiltIn">
<arg>message=Print Test Case 002</arg>
<doc>Logs the given message to the console.</doc>
<status status="PASS" start="2025-02-25T23:30:18.540637" elapsed="0.000525"/>
</kw>
<kw name="Sum Two Number">
<kw name="Evaluate" owner="BuiltIn">
<msg time="2025-02-25T23:30:18.542190" level="INFO">${sum} = 6</msg>
<var>${sum}</var>
<arg>${num1}+${num2}</arg>
<doc>Evaluates the given expression in Python and returns the result.</doc>
<status status="PASS" start="2025-02-25T23:30:18.541677" elapsed="0.000513"/>
</kw>
<return>
<value>${sum}</value>
<status status="PASS" start="2025-02-25T23:30:18.542190" elapsed="0.000000"/>
</return>
<msg time="2025-02-25T23:30:18.542190" level="INFO">${sum} = 6</msg>
<var>${sum}</var>
<arg>num1=3</arg>
<arg>num2=3</arg>
<status status="PASS" start="2025-02-25T23:30:18.541162" elapsed="0.001028"/>
</kw>
<kw name="Should Be Equal As Integers" owner="BuiltIn">
<msg time="2025-02-25T23:30:18.543225" level="FAIL">6 != 7</msg>
<arg>first=${sum}</arg>
<arg>second=${7}</arg>
<doc>Fails if objects are unequal after converting them to integers.</doc>
<status status="FAIL" start="2025-02-25T23:30:18.542190" elapsed="0.001035">6 != 7</status>
</kw>
<timeout value="5 minutes"/>
<status status="FAIL" start="2025-02-25T23:30:18.540122" elapsed="0.003103">6 != 7</status>
</test>
<kw name="Log To Console" owner="BuiltIn" type="TEARDOWN">
<arg>message=Print Suite Teardown</arg>
<doc>Logs the given message to the console.</doc>
<status status="PASS" start="2025-02-25T23:30:18.543738" elapsed="0.000516"/>
</kw>
<doc>My First Robot Framework</doc>
<meta name="測試 Metadata">Metadata 測試</meta>
<status status="FAIL" start="2025-02-25T23:30:18.512719" elapsed="0.031535"/>
</suite>
<statistics>
<total>
<stat pass="1" fail="1" skip="0">All Tests</stat>
</total>
<tag>
</tag>
<suite>
<stat name="測試 Settings Name" id="s1" pass="1" fail="1" skip="0">測試 Settings Name</stat>
</suite>
</statistics>
<errors>
</errors>
</robot>
