<?xml version="1.0" encoding="UTF-8"?>
<robot generator="Robot 7.2.2 (Python 3.10.0 on win32)" generated="2025-03-11T23:34:03.593807" rpa="false" schemaversion="5">
<suite id="s1" name="browserTest" source="C:\Users\mark\Desktop\Robot\browserTest.robot">
<test id="s1-t1" name="Test Example Page" line="14">
<kw name="New Browser" owner="Browser">
<msg time="2025-03-11T23:34:03.767675" level="INFO">{"browser": "chromium", "headless": false, "chromiumSandbox": false, "devtools": false, "handleSIGHUP": true, "handleSIGINT": true, "handleSIGTERM": true, "slowMo": 0.0, "timeout": 30000.0, "tracesDir": "C:\\Users\\mark\\Desktop\\Robot\\browser\\traces\\temp\\bccd20a9-ddbe-4066-a8db-54899781af97"}</msg>
<msg time="2025-03-11T23:34:03.790161" level="INFO">Starting Browser process C:\Users\mark\Desktop\Robot\env\lib\site-packages\Browser\wrapper\index.js using port 54561</msg>
<msg time="2025-03-11T23:34:03.790161" level="INFO">Node startup parameters: ['node', 'C:\\Users\\mark\\Desktop\\Robot\\env\\lib\\site-packages\\Browser\\wrapper\\index.js', '54561']</msg>
<msg time="2025-03-11T23:34:04.513990" level="INFO">Successfully created browser with options: {"browser":"chromium","headless":false,"chromiumSandbox":false,"devtools":false,"handleSIGHUP":true,"handleSIGINT":true,"handleSIGTERM":true,"slowMo":0,"timeout":30000,"tracesDir":"C:\\Users\\mark\\Desktop\\Robot\\browser\\traces\\temp\\bccd20a9-ddbe-4066-a8db-54899781af97"}</msg>
<arg>chromium</arg>
<arg>headless=False</arg>
<tag>BrowserControl</tag>
<tag>Setter</tag>
<doc>Create a new playwright Browser with specified options.</doc>
<status status="PASS" start="2025-03-11T23:34:03.767675" elapsed="0.746315"/>
</kw>
<kw name="New Context" owner="Browser">
<msg time="2025-03-11T23:34:04.513990" level="INFO">{
  "acceptDownloads": true,
  "bypassCSP": false,
  "forcedColors": "none",
  "ignoreHTTPSErrors": false,
  "javaScriptEnabled": true,
  "offline": false,
  "reducedMotion": "no-preference",
  "serviceWorkers": "allow",
  "viewport": {
    "width": 1280,
    "height": 720
  }
}</msg>
<msg time="2025-03-11T23:34:04.537639" level="INFO">Successfully created context. </msg>
<msg time="2025-03-11T23:34:04.537639" level="INFO">{'acceptDownloads': True, 'bypassCSP': False, 'forcedColors': 'none', 'ignoreHTTPSErrors': False, 'javaScriptEnabled': True, 'offline': False, 'reducedMotion': 'no-preference', 'serviceWorkers': 'allow', 'viewport': {'width': 1280, 'height': 720}}</msg>
<tag>BrowserControl</tag>
<tag>Setter</tag>
<doc>Create a new BrowserContext with specified options.</doc>
<status status="PASS" start="2025-03-11T23:34:04.513990" elapsed="0.023649"/>
</kw>
<kw name="New Page" owner="Browser">
<msg time="2025-03-11T23:34:05.499499" level="INFO">Successfully initialized new page object and opened url: https://mma.sinopac.com/MemberPortal/Member/NextWebLogin.aspx</msg>
<arg>https://mma.sinopac.com/MemberPortal/Member/NextWebLogin.aspx</arg>
<tag>BrowserControl</tag>
<tag>Setter</tag>
<doc>Open a new Page.</doc>
<status status="PASS" start="2025-03-11T23:34:04.537639" elapsed="0.961860"/>
</kw>
<kw name="Click" owner="Browser">
<msg time="2025-03-11T23:34:05.499499" level="INFO">Clicks the element '//title[@"台幣"]'.</msg>
<msg time="2025-03-11T23:34:05.697863" level="INFO" html="true">&lt;/td&gt;&lt;/tr&gt;&lt;tr&gt;&lt;td colspan="3"&gt;&lt;a href="browser/screenshot/fail-screenshot-1.png" target="_blank"&gt;&lt;img src="browser/screenshot/fail-screenshot-1.png" width="800px"/&gt;&lt;/a&gt;</msg>
<msg time="2025-03-11T23:34:05.697863" level="INFO">See also file:///C:/Users/mark/Desktop/Robot/playwright-log.txt for additional details.</msg>
<msg time="2025-03-11T23:34:05.697863" level="FAIL">Error: locator.click: SyntaxError: Failed to execute 'evaluate' on 'Document': The string '//title[@"台幣"]' is not a valid XPath expression.
    at Object.queryAll (&lt;anonymous&gt;:41:25)
    at InjectedScript._queryEngineAll (&lt;anonymous&gt;:5916:49)
    at InjectedScript.querySelectorAll (&lt;anonymous&gt;:5903:30)
    at eval (eval at evaluate (:234:30), &lt;anonymous&gt;:5:35)
    at UtilityScript.evaluate (&lt;anonymous&gt;:236:17)
    at UtilityScript.&lt;anonymous&gt; (&lt;anonymous&gt;:1:44)
Call log:
  - waiting for locator('//title[@"台幣"]')
</msg>
<arg>//title[@"台幣"]</arg>
<tag>PageContent</tag>
<tag>Setter</tag>
<doc>Simulates mouse click on the element found by ``selector``.</doc>
<status status="FAIL" start="2025-03-11T23:34:05.499499" elapsed="0.200363">Error: locator.click: SyntaxError: Failed to execute 'evaluate' on 'Document': The string '//title[@"台幣"]' is not a valid XPath expression.
    at Object.queryAll (&lt;anonymous&gt;:41:25)
    at InjectedScript._queryEngineAll (&lt;anonymous&gt;:5916:49)
    at InjectedScript.querySelectorAll (&lt;anonymous&gt;:5903:30)
    at eval (eval at evaluate (:234:30), &lt;anonymous&gt;:5:35)
    at UtilityScript.evaluate (&lt;anonymous&gt;:236:17)
    at UtilityScript.&lt;anonymous&gt; (&lt;anonymous&gt;:1:44)
Call log:
  - waiting for locator('//title[@"台幣"]')
</status>
</kw>
<msg time="2025-03-11T23:34:05.703863" level="INFO">Set timeout to: 10000</msg>
<msg time="2025-03-11T23:34:05.716493" level="INFO">Switching context to context=2a6bc62d-e93f-49ca-ab10-083b18af8f42 in CURRENT</msg>
<msg time="2025-03-11T23:34:05.722048" level="INFO">Successfully changed active context: context=2a6bc62d-e93f-49ca-ab10-083b18af8f42</msg>
<msg time="2025-03-11T23:34:05.760726" level="INFO">Successfully closed Context</msg>
<status status="FAIL" start="2025-03-11T23:34:03.767675" elapsed="1.933186">Error: locator.click: SyntaxError: Failed to execute 'evaluate' on 'Document': The string '//title[@"台幣"]' is not a valid XPath expression.
    at Object.queryAll (&lt;anonymous&gt;:41:25)
    at InjectedScript._queryEngineAll (&lt;anonymous&gt;:5916:49)
    at InjectedScript.querySelectorAll (&lt;anonymous&gt;:5903:30)
    at eval (eval at evaluate (:234:30), &lt;anonymous&gt;:5:35)
    at UtilityScript.evaluate (&lt;anonymous&gt;:236:17)
    at UtilityScript.&lt;anonymous&gt; (&lt;anonymous&gt;:1:44)
Call log:
  - waiting for locator('//title[@"台幣"]')
</status>
</test>
<status status="FAIL" start="2025-03-11T23:34:03.593807" elapsed="2.167919"/>
</suite>
<statistics>
<total>
<stat pass="0" fail="1" skip="0">All Tests</stat>
</total>
<tag>
</tag>
<suite>
<stat name="browserTest" id="s1" pass="0" fail="1" skip="0">browserTest</stat>
</suite>
</statistics>
<errors>
</errors>
</robot>
