<?xml version="1.0" encoding="UTF-8"?>
<robot generator="Robot 7.2.2 (Python 3.10.0 on win32)" generated="2025-04-28T00:11:11.272037" rpa="false" schemaversion="5">
<suite id="s1" name="Tmp" source="C:\Users\mark\Desktop\Robot\tmp.robot">
<test id="s1-t1" name="登入到基金交易成功測試" line="19">
<kw name="Launch App">
<kw name="Open Application" owner="AppiumLibrary">
<arg>${REMOTE_URL}</arg>
<arg>platformName=${PLATFORM_NAME}</arg>
<arg>automationName=uiautomator2</arg>
<arg>deviceName=${DEVICE_NAME}</arg>
<arg>appPackage=${APP_PACKAGE}</arg>
<arg>appActivity=${APP_ACTIVITY}</arg>
<arg>noReset=true</arg>
<doc>Opens a new application to given Appium server.
Capabilities of appium server, Android and iOS,
Please check https://appium.io/docs/en/2.1/cli/args/
| *Option*            | *Man.* | *Description*     |
| remote_url          | Yes    | Appium server url |
| alias               | no     | alias             |
| strict_ssl          | No     | allows you to send commands to an invalid certificate host like a self-signed one. |</doc>
<status status="PASS" start="2025-04-28T00:11:11.462150" elapsed="6.674238"/>
</kw>
<status status="PASS" start="2025-04-28T00:11:11.462150" elapsed="6.674238"/>
</kw>
<kw name="Start Recording">
<kw name="Start Screen Recording" owner="AppiumLibrary">
<doc>Starts an asynchronous Screen Recording for the current open application.</doc>
<status status="PASS" start="2025-04-28T00:11:18.137420" elapsed="0.485164"/>
</kw>
<status status="PASS" start="2025-04-28T00:11:18.136388" elapsed="0.486196"/>
</kw>
<kw name="Login">
<kw name="Wait Until Element Is Visible" owner="AppiumLibrary">
<msg time="2025-04-28T00:11:19.225896" level="INFO">xpath criteria: //android.widget.EditText[@text="ID/統一編號"]</msg>
<arg>xpath=//android.widget.EditText[@text="ID/統一編號"]</arg>
<arg>10s</arg>
<doc>Waits until element specified with `locator` is visible.</doc>
<status status="PASS" start="2025-04-28T00:11:18.622584" elapsed="0.603312"/>
</kw>
<kw name="Input Text" owner="AppiumLibrary">
<msg time="2025-04-28T00:11:19.227899" level="INFO">Typing text 'E151798250' into text field 'xpath=//android.widget.EditText[@text="ID/統一編號"]'</msg>
<msg time="2025-04-28T00:11:19.858965" level="INFO">xpath criteria: //android.widget.EditText[@text="ID/統一編號"]</msg>
<arg>xpath=//android.widget.EditText[@text="ID/統一編號"]</arg>
<arg>${ID_NUMBER}</arg>
<doc>Types the given `text` into text field identified by `locator`.</doc>
<status status="PASS" start="2025-04-28T00:11:19.226898" elapsed="0.632067"/>
</kw>
<kw name="Input Text" owner="AppiumLibrary">
<msg time="2025-04-28T00:11:19.859974" level="INFO">Typing text 'a12345' into text field 'xpath=//android.widget.EditText[@text="6~20 位使用者代碼"]'</msg>
<msg time="2025-04-28T00:11:21.046920" level="INFO">xpath criteria: //android.widget.EditText[@text="6~20 位使用者代碼"]</msg>
<arg>xpath=//android.widget.EditText[@text="6~20 位使用者代碼"]</arg>
<arg>${USER_CODE}</arg>
<doc>Types the given `text` into text field identified by `locator`.</doc>
<status status="PASS" start="2025-04-28T00:11:19.858965" elapsed="1.187955"/>
</kw>
<kw name="Input Text" owner="AppiumLibrary">
<msg time="2025-04-28T00:11:21.047917" level="INFO">Typing text 'b12345' into text field 'xpath=//android.widget.EditText[@text="6~20 位網路密碼"]'</msg>
<msg time="2025-04-28T00:11:21.762912" level="INFO">xpath criteria: //android.widget.EditText[@text="6~20 位網路密碼"]</msg>
<arg>xpath=//android.widget.EditText[@text="6~20 位網路密碼"]</arg>
<arg>${PASSWORD}</arg>
<doc>Types the given `text` into text field identified by `locator`.</doc>
<status status="PASS" start="2025-04-28T00:11:21.046920" elapsed="0.715992"/>
</kw>
<kw name="Click Element" owner="AppiumLibrary">
<msg time="2025-04-28T00:11:21.764912" level="INFO">Clicking element 'xpath=//android.widget.Button[@text="登入"]'.</msg>
<msg time="2025-04-28T00:11:24.715406" level="INFO">xpath criteria: //android.widget.Button[@text="登入"]</msg>
<arg>xpath=//android.widget.Button[@text="登入"]</arg>
<doc>Click element identified by `locator`.</doc>
<status status="PASS" start="2025-04-28T00:11:21.763916" elapsed="2.951490"/>
</kw>
<kw name="Wait Until Page Contains Element" owner="AppiumLibrary">
<msg time="2025-04-28T00:11:39.329920" level="INFO">xpath criteria: //android.widget.TextView[@text="臺幣存款"]
xpath criteria: //android.widget.TextView[@text="臺幣存款"]
xpath criteria: //android.widget.TextView[@text="臺幣存款"]
xpath criteria: //android.widget.TextView[@text="臺幣存款"]
xpath criteria: //android.widget.TextView[@text="臺幣存款"]
xpath criteria: //android.widget.TextView[@text="臺幣存款"]
xpath criteria: //android.widget.TextView[@text="臺幣存款"]
xpath criteria: //android.widget.TextView[@text="臺幣存款"]
xpath criteria: //android.widget.TextView[@text="臺幣存款"]
xpath criteria: //android.widget.TextView[@text="臺幣存款"]
xpath criteria: //android.widget.TextView[@text="臺幣存款"]
xpath criteria: //android.widget.TextView[@text="臺幣存款"]
xpath criteria: //android.widget.TextView[@text="臺幣存款"]
xpath criteria: //android.widget.TextView[@text="臺幣存款"]
xpath criteria: //android.widget.TextView[@text="臺幣存款"]
xpath criteria: //android.widget.TextView[@text="臺幣存款"]
xpath criteria: //android.widget.TextView[@text="臺幣存款"]
xpath criteria: //android.widget.TextView[@text="臺幣存款"]
xpath criteria: //android.widget.TextView[@text="臺幣存款"]
xpath criteria: //android.widget.TextView[@text="臺幣存款"]
xpath criteria: //android.widget.TextView[@text="臺幣存款"]
xpath criteria: //android.widget.TextView[@text="臺幣存款"]
xpath criteria: //android.widget.TextView[@text="臺幣存款"]
xpath criteria: //android.widget.TextView[@text="臺幣存款"]
xpath criteria: //android.widget.TextView[@text="臺幣存款"]
xpath criteria: //android.widget.TextView[@text="臺幣存款"]
xpath criteria: //android.widget.TextView[@text="臺幣存款"]
xpath criteria: //android.widget.TextView[@text="臺幣存款"]
xpath criteria: //android.widget.TextView[@text="臺幣存款"]
xpath criteria: //android.widget.TextView[@text="臺幣存款"]
xpath criteria: //android.widget.TextView[@text="臺幣存款"]
xpath criteria: //android.widget.TextView[@text="臺幣存款"]
xpath criteria: //android.widget.TextView[@text="臺幣存款"]
xpath criteria: //android.widget.TextView[@text="臺幣存款"]
xpath criteria: //android.widget.TextView[@text="臺幣存款"]
xpath criteria: //android.widget.TextView[@text="臺幣存款"]
xpath criteria: //android.widget.TextView[@text="臺幣存款"]
xpath criteria: //android.widget.TextView[@text="臺幣存款"]
xpath criteria: //android.widget.TextView[@text="臺幣存款"]
xpath criteria: //android.widget.TextView[@text="臺幣存款"]
xpath criteria: //android.widget.TextView[@text="臺幣存款"]
xpath criteria: //android.widget.TextView[@text="臺幣存款"]</msg>
<arg>xpath=//android.widget.TextView[@text="臺幣存款"]</arg>
<arg>20s</arg>
<doc>Waits until element specified with `locator` appears on current page.</doc>
<status status="PASS" start="2025-04-28T00:11:24.715406" elapsed="14.614514"/>
</kw>
<status status="PASS" start="2025-04-28T00:11:18.622584" elapsed="20.707336"/>
</kw>
<doc>新網銀登入測試</doc>
<status status="PASS" start="2025-04-28T00:11:11.460152" elapsed="27.870766"/>
</test>
<kw name="Stop Recording" type="TEARDOWN">
<kw name="Stop Screen Recording" owner="AppiumLibrary">
<msg time="2025-04-28T00:11:40.284775" level="INFO" html="true">&lt;/td&gt;&lt;/tr&gt;&lt;tr&gt;&lt;td colspan="3"&gt;&lt;a href="appium-screenrecord-1.mp4"&gt;&lt;video width="800px" controls&gt;&lt;source src="appium-screenrecord-1.mp4" type="video/mp4"&gt;&lt;/video&gt;&lt;/a&gt;</msg>
<doc>Gathers the output from the previously started screen recording              to a media file, then embeds it to the log.html(Android Only).</doc>
<status status="PASS" start="2025-04-28T00:11:39.331918" elapsed="0.953858"/>
</kw>
<status status="PASS" start="2025-04-28T00:11:39.331918" elapsed="0.953858"/>
</kw>
<status status="PASS" start="2025-04-28T00:11:11.273036" elapsed="29.012740"/>
</suite>
<statistics>
<total>
<stat pass="1" fail="0" skip="0">All Tests</stat>
</total>
<tag>
</tag>
<suite>
<stat name="Tmp" id="s1" pass="1" fail="0" skip="0">Tmp</stat>
</suite>
</statistics>
<errors>
</errors>
</robot>
