<?xml version="1.0" encoding="UTF-8"?>
<robot generator="Robot 7.2.2 (Python 3.10.0 on win32)" generated="2025-04-18T00:11:00.339574" rpa="false" schemaversion="5">
<suite id="s1" name="Test Tmp" source="C:\Users\mark\Desktop\Robot\test_tmp.robot">
<test id="s1-t1" name="登入到基金交易成功測試" line="17">
<kw name="Launch App">
<kw name="Open Application" owner="AppiumLibrary">
<kw name="Capture Page Screenshot" owner="AppiumLibrary">
<msg time="2025-04-18T00:11:06.420679" level="FAIL">No application is open</msg>
<doc>Takes a screenshot of the current page and embeds it into the log.</doc>
<status status="FAIL" start="2025-04-18T00:11:06.420679" elapsed="0.001999">No application is open</status>
</kw>
<msg time="2025-04-18T00:11:06.424182" level="WARN">Keyword 'Capture Page Screenshot' could not be run on failure: No application is open</msg>
<msg time="2025-04-18T00:11:06.424182" level="FAIL">WebDriverException: Message: An unknown server-side error occurred while processing the command. Original error: Cannot start the 'com.sinopac.newmobilebank.uat' application. Consider checking the driver's troubleshooting documentation. Original error: Error executing adbExec. Original error: 'Command 'C:\\Users\\mark\\AppData\\Local\\Android\\Sdk\\platform-tools\\adb.exe -P 5037 -s emulator-5554 shell am start-activity -W -n com.sinopac.newmobilebank.uat/.OnlineBanking -S -a android.intent.action.MAIN -c android.intent.category.LAUNCHER -f 0x10200000' exited with code 1'; Command output: Stopping: com.sinopac.newmobilebank.uat
Starting: Intent { act=android.intent.action.MAIN cat=[android.intent.category.LAUNCHER] flg=0x10200000 cmp=com.sinopac.newmobilebank.uat/.OnlineBanking }
Error type 3
Error: Activity class {com.sinopac.newmobilebank.uat/com.sinopac.newmobilebank.uat.OnlineBanking} does not exist.

Stacktrace:
UnknownError: An unknown server-side error occurred while processing the command. Original error: Cannot start the 'com.sinopac.newmobilebank.uat' application. Consider checking the driver's troubleshooting documentation. Original error: Error executing adbExec. Original error: 'Command 'C:\\Users\\mark\\AppData\\Local\\Android\\Sdk\\platform-tools\\adb.exe -P 5037 -s emulator-5554 shell am start-activity -W -n com.sinopac.newmobilebank.uat/.OnlineBanking -S -a android.intent.action.MAIN -c android.intent.category.LAUNCHER -f 0x10200000' exited with code 1'; Command output: Stopping: com.sinopac.newmobilebank.uat
Starting: Intent { act=android.intent.action.MAIN cat=[android.intent.category.LAUNCHER] flg=0x10200000 cmp=com.sinopac.newmobilebank.uat/.OnlineBanking }
Error type 3
Error: Activity class {com.sinopac.newmobilebank.uat/com.sinopac.newmobilebank.uat.OnlineBanking} does not exist.

    at getResponseForW3CError (C:\Users\mark\AppData\Roaming\npm\node_modules\appium\node_modules\@appium\base-driver\lib\protocol\errors.js:1143:9)
    at asyncHandler (C:\Users\mark\AppData\Roaming\npm\node_modules\appium\node_modules\@appium\base-driver\lib\protocol\protocol.js:487:57)</msg>
<arg>${REMOTE_URL}</arg>
<arg>platformName=${PLATFORM_NAME}</arg>
<arg>automationName=uiautomator2</arg>
<arg>deviceName=${DEVICE_NAME}</arg>
<arg>appPackage=${APP_PACKAGE}</arg>
<arg>appActivity=${APP_ACTIVITY}</arg>
<arg>noReset=true</arg>
<doc>Opens a new application to given Appium server.
Capabilities of appium server, Android and iOS,
Please check https://appium.io/docs/en/2.1/cli/args/
| *Option*            | *Man.* | *Description*     |
| remote_url          | Yes    | Appium server url |
| alias               | no     | alias             |
| strict_ssl          | No     | allows you to send commands to an invalid certificate host like a self-signed one. |</doc>
<status status="FAIL" start="2025-04-18T00:11:00.527209" elapsed="5.896973">WebDriverException: Message: An unknown server-side error occurred while processing the command. Original error: Cannot start the 'com.sinopac.newmobilebank.uat' application. Consider checking the driver's troubleshooting documentation. Original error: Error executing adbExec. Original error: 'Command 'C:\\Users\\mark\\AppData\\Local\\Android\\Sdk\\platform-tools\\adb.exe -P 5037 -s emulator-5554 shell am start-activity -W -n com.sinopac.newmobilebank.uat/.OnlineBanking -S -a android.intent.action.MAIN -c android.intent.category.LAUNCHER -f 0x10200000' exited with code 1'; Command output: Stopping: com.sinopac.newmobilebank.uat
Starting: Intent { act=android.intent.action.MAIN cat=[android.intent.category.LAUNCHER] flg=0x10200000 cmp=com.sinopac.newmobilebank.uat/.OnlineBanking }
Error type 3
Error: Activity class {com.sinopac.newmobilebank.uat/com.sinopac.newmobilebank.uat.OnlineBanking} does not exist.

Stacktrace:
UnknownError: An unknown server-side error occurred while processing the command. Original error: Cannot start the 'com.sinopac.newmobilebank.uat' application. Consider checking the driver's troubleshooting documentation. Original error: Error executing adbExec. Original error: 'Command 'C:\\Users\\mark\\AppData\\Local\\Android\\Sdk\\platform-tools\\adb.exe -P 5037 -s emulator-5554 shell am start-activity -W -n com.sinopac.newmobilebank.uat/.OnlineBanking -S -a android.intent.action.MAIN -c android.intent.category.LAUNCHER -f 0x10200000' exited with code 1'; Command output: Stopping: com.sinopac.newmobilebank.uat
Starting: Intent { act=android.intent.action.MAIN cat=[android.intent.category.LAUNCHER] flg=0x10200000 cmp=com.sinopac.newmobilebank.uat/.OnlineBanking }
Error type 3
Error: Activity class {com.sinopac.newmobilebank.uat/com.sinopac.newmobilebank.uat.OnlineBanking} does not exist.

    at getResponseForW3CError (C:\Users\mark\AppData\Roaming\npm\node_modules\appium\node_modules\@appium\base-driver\lib\protocol\errors.js:1143:9)
    at asyncHandler (C:\Users\mark\AppData\Roaming\npm\node_modules\appium\node_modules\@appium\base-driver\lib\protocol\protocol.js:487:57)</status>
</kw>
<status status="FAIL" start="2025-04-18T00:11:00.526209" elapsed="5.898976">WebDriverException: Message: An unknown server-side error occurred while processing the command. Original error: Cannot start the 'com.sinopac.newmobilebank.uat' application. Consider checking the driver's troubleshooting documentation. Original error: Error executing adbExec. Original error: 'Command 'C:\\Users\\mark\\AppData\\Local\\Android\\Sdk\\platform-tools\\adb.exe -P 5037 -s emulator-5554 shell am start-activity -W -n com.sinopac.newmobilebank.uat/.OnlineBanking -S -a android.intent.action.MAIN -c android.intent.category.LAUNCHER -f 0x10200000' exited with code 1'; Command output: Stopping: com.sinopac.newmobilebank.uat
Starting: Intent { act=android.intent.action.MAIN cat=[android.intent.category.LAUNCHER] flg=0x10200000 cmp=com.sinopac.newmobilebank.uat/.OnlineBanking }
Error type 3
Error: Activity class {com.sinopac.newmobilebank.uat/com.sinopac.newmobilebank.uat.OnlineBanking} does not exist.

Stacktrace:
UnknownError: An unknown server-side error occurred while processing the command. Original error: Cannot start the 'com.sinopac.newmobilebank.uat' application. Consider checking the driver's troubleshooting documentation. Original error: Error executing adbExec. Original error: 'Command 'C:\\Users\\mark\\AppData\\Local\\Android\\Sdk\\platform-tools\\adb.exe -P 5037 -s emulator-5554 shell am start-activity -W -n com.sinopac.newmobilebank.uat/.OnlineBanking -S -a android.intent.action.MAIN -c android.intent.category.LAUNCHER -f 0x10200000' exited with code 1'; Command output: Stopping: com.sinopac.newmobilebank.uat
Starting: Intent { act=android.intent.action.MAIN cat=[android.intent.category.LAUNCHER] flg=0x10200000 cmp=com.sinopac.newmobilebank.uat/.OnlineBanking }
Error type 3
Error: Activity class {com.sinopac.newmobilebank.uat/com.sinopac.newmobilebank.uat.OnlineBanking} does not exist.

    at getResponseForW3CError (C:\Users\mark\AppData\Roaming\npm\node_modules\appium\node_modules\@appium\base-driver\lib\protocol\errors.js:1143:9)
    at asyncHandler (C:\Users\mark\AppData\Roaming\npm\node_modules\appium\node_modules\@appium\base-driver\lib\protocol\protocol.js:487:57)</status>
</kw>
<kw name="Start Recording">
<status status="NOT RUN" start="2025-04-18T00:11:06.425185" elapsed="0.000000"/>
</kw>
<kw name="Login">
<status status="NOT RUN" start="2025-04-18T00:11:06.425185" elapsed="0.000000"/>
</kw>
<kw name="Navigate To Fund Transaction">
<status status="NOT RUN" start="2025-04-18T00:11:06.425185" elapsed="0.000000"/>
</kw>
<kw name="Perform Fund Transaction">
<status status="NOT RUN" start="2025-04-18T00:11:06.426183" elapsed="0.000000"/>
</kw>
<kw name="Verify Transaction Success">
<status status="NOT RUN" start="2025-04-18T00:11:06.426183" elapsed="0.000000"/>
</kw>
<kw name="Stop Recording">
<status status="NOT RUN" start="2025-04-18T00:11:06.426183" elapsed="0.000000"/>
</kw>
<doc>測試銀行 App 登入到基金交易成功測試</doc>
<status status="FAIL" start="2025-04-18T00:11:00.524206" elapsed="5.901977">WebDriverException: Message: An unknown server-side error occurred while processing the command. Original error: Cannot start the 'com.sinopac.newmobilebank.uat' application. Consider checking the driver's troubleshooting documentation. Original error: Error executing adbExec. Original error: 'Command 'C:\\Users\\mark\\AppData\\Local\\Android\\Sdk\\platform-tools\\adb.exe -P 5037 -s emulator-5554 shell am start-activity -W -n com.sinopac.newmobilebank.uat/.OnlineBanking -S -a android.intent.action.MAIN -c android.intent.category.LAUNCHER -f 0x10200000' exited with code 1'; Command output: Stopping: com.sinopac.newmobilebank.uat
Starting: Intent { act=android.intent.action.MAIN cat=[android.intent.category.LAUNCHER] flg=0x10200000 cmp=com.sinopac.newmobilebank.uat/.OnlineBanking }
Error type 3
Error: Activity class {com.sinopac.newmobilebank.uat/com.sinopac.newmobilebank.uat.OnlineBanking} does not exist.

Stacktrace:
UnknownError: An unknown server-side error occurred while processing the command. Original error: Cannot start the 'com.sinopac.newmobilebank.uat' application. Consider checking the driver's troubleshooting documentation. Original error: Error executing adbExec. Original error: 'Command 'C:\\Users\\mark\\AppData\\Local\\Android\\Sdk\\platform-tools\\adb.exe -P 5037 -s emulator-5554 shell am start-activity -W -n com.sinopac.newmobilebank.uat/.OnlineBanking -S -a android.intent.action.MAIN -c android.intent.category.LAUNCHER -f 0x10200000' exited with code 1'; Command output: Stopping: com.sinopac.newmobilebank.uat
Starting: Intent { act=android.intent.action.MAIN cat=[android.intent.category.LAUNCHER] flg=0x10200000 cmp=com.sinopac.newmobilebank.uat/.OnlineBanking }
Error type 3
Error: Activity class {com.sinopac.newmobilebank.uat/com.sinopac.newmobilebank.uat.OnlineBanking} does not exist.

    at getResponseForW3CError (C:\Users\mark\AppData\Roaming\npm\node_modules\appium\node_modules\@appium\base-driver\lib\protocol\errors.js:1143:9)
    at asyncHandler (C:\Users\mark\AppData\Roaming\npm\node_modules\appium\node_modules\@appium\base-driver\lib\protocol\protocol.js:487:57)</status>
</test>
<status status="FAIL" start="2025-04-18T00:11:00.341611" elapsed="6.085575"/>
</suite>
<statistics>
<total>
<stat pass="0" fail="1" skip="0">All Tests</stat>
</total>
<tag>
</tag>
<suite>
<stat name="Test Tmp" id="s1" pass="0" fail="1" skip="0">Test Tmp</stat>
</suite>
</statistics>
<errors>
<msg time="2025-04-18T00:11:06.424182" level="WARN">Keyword 'Capture Page Screenshot' could not be run on failure: No application is open</msg>
</errors>
</robot>
