<?xml version="1.0" encoding="UTF-8"?>
<robot generator="Robot 7.2.2 (Python 3.10.0 on win32)" generated="2025-02-24T23:49:11.680682" rpa="false" schemaversion="5">
<suite id="s1" name="Test" source="C:\Users\mark\Desktop\Robot\test.robot">
<test id="s1-t1" name="Test Case 001" line="8">
<kw name="Sum Two Number">
<kw name="Evaluate" owner="BuiltIn">
<msg time="2025-02-24T23:49:11.704209" level="INFO">${sum} = 3</msg>
<var>${sum}</var>
<arg>${num1}+${num2}</arg>
<doc>Evaluates the given expression in Python and returns the result.</doc>
<status status="PASS" start="2025-02-24T23:49:11.704209" elapsed="0.001029"/>
</kw>
<return>
<value>${sum}</value>
<status status="PASS" start="2025-02-24T23:49:11.705238" elapsed="0.000000"/>
</return>
<msg time="2025-02-24T23:49:11.705238" level="INFO">${sum} = 3</msg>
<var>${sum}</var>
<arg>num1=1</arg>
<arg>num2=2</arg>
<status status="PASS" start="2025-02-24T23:49:11.704209" elapsed="0.001029"/>
</kw>
<kw name="Should Be Equal As Integers" owner="BuiltIn">
<arg>first=${sum}</arg>
<arg>second=${3}</arg>
<doc>Fails if objects are unequal after converting them to integers.</doc>
<status status="PASS" start="2025-02-24T23:49:11.705238" elapsed="0.000000"/>
</kw>
<status status="PASS" start="2025-02-24T23:49:11.703250" elapsed="0.002958"/>
</test>
<test id="s1-t2" name="Test Case 002" line="12">
<kw name="Sum Two Number">
<kw name="Evaluate" owner="BuiltIn">
<msg time="2025-02-24T23:49:11.707240" level="INFO">${sum} = 6</msg>
<var>${sum}</var>
<arg>${num1}+${num2}</arg>
<doc>Evaluates the given expression in Python and returns the result.</doc>
<status status="PASS" start="2025-02-24T23:49:11.707240" elapsed="0.000000"/>
</kw>
<return>
<value>${sum}</value>
<status status="PASS" start="2025-02-24T23:49:11.707240" elapsed="0.000000"/>
</return>
<msg time="2025-02-24T23:49:11.707240" level="INFO">${sum} = 6</msg>
<var>${sum}</var>
<arg>num1=3</arg>
<arg>num2=3</arg>
<status status="PASS" start="2025-02-24T23:49:11.706208" elapsed="0.001032"/>
</kw>
<kw name="Should Be Equal As Integers" owner="BuiltIn">
<msg time="2025-02-24T23:49:11.708207" level="FAIL">6 != 5</msg>
<arg>first=${sum}</arg>
<arg>second=${5}</arg>
<doc>Fails if objects are unequal after converting them to integers.</doc>
<status status="FAIL" start="2025-02-24T23:49:11.707240" elapsed="0.000967">6 != 5</status>
</kw>
<status status="FAIL" start="2025-02-24T23:49:11.706208" elapsed="0.001999">6 != 5</status>
</test>
<doc>My First Robot Framework</doc>
<status status="FAIL" start="2025-02-24T23:49:11.682078" elapsed="0.027129"/>
</suite>
<statistics>
<total>
<stat pass="1" fail="1" skip="0">All Tests</stat>
</total>
<tag>
</tag>
<suite>
<stat name="Test" id="s1" pass="1" fail="1" skip="0">Test</stat>
</suite>
</statistics>
<errors>
</errors>
</robot>
